# JRE version: Java(TM) SE Runtime Environment (8.0_144-b01) (build 1.8.0_144-b01)
# Java VM: Java HotSpot(TM) 64-Bit Server VM (25.144-b01 mixed mode windows-amd64 compressed oops)
Heap:
 PSYoungGen      total 31744K, used 10651K [0x000000076b600000, 0x000000076e180000, 0x00000007c0000000)
  eden space 31232K, 34% used [0x000000076b600000,0x000000076c05ec38,0x000000076d480000)
  from space 512K, 6% used [0x000000076e080000,0x000000076e088000,0x000000076e100000)
  to   space 512K, 0% used [0x000000076e100000,0x000000076e100000,0x000000076e180000)
 ParOldGen       total 173568K, used 1562K [0x00000006c2200000, 0x00000006ccb80000, 0x000000076b600000)
  object space 173568K, 0% used [0x00000006c2200000,0x00000006c2386a48,0x00000006ccb80000)
 Metaspace       used 6245K, capacity 6581K, committed 6784K, reserved 1056768K
  class space    used 600K, capacity 627K, committed 640K, reserved 1048576K
GC Heap History (10 events):
Event: 992.439 GC heap before
{Heap before GC invocations=125 (full 0):
 PSYoungGen      total 31744K, used 31264K [0x000000076b600000, 0x000000076e180000, 0x00000007c0000000)
  eden space 31232K, 100% used [0x000000076b600000,0x000000076d480000,0x000000076d480000)
  from space 512K, 6% used [0x000000076e100000,0x000000076e108000,0x000000076e180000)
  to   space 512K, 0% used [0x000000076e080000,0x000000076e080000,0x000000076e100000)
 ParOldGen       total 173568K, used 1562K [0x00000006c2200000, 0x00000006ccb80000, 0x000000076b600000)
  object space 173568K, 0% used [0x00000006c2200000,0x00000006c2386a48,0x00000006ccb80000)
 Metaspace       used 6141K, capacity 6517K, committed 6784K, reserved 1056768K
  class space    used 595K, capacity 627K, committed 640K, reserved 1048576K
Event: 992.440 GC heap after
Heap after GC invocations=125 (full 0):
 PSYoungGen      total 31744K, used 32K [0x000000076b600000, 0x000000076e180000, 0x00000007c0000000)
  eden space 31232K, 0% used [0x000000076b600000,0x000000076b600000,0x000000076d480000)
  from space 512K, 6% used [0x000000076e080000,0x000000076e088000,0x000000076e100000)
  to   space 512K, 0% used [0x000000076e100000,0x000000076e100000,0x000000076e180000)
 ParOldGen       total 173568K, used 1562K [0x00000006c2200000, 0x00000006ccb80000, 0x000000076b600000)
  object space 173568K, 0% used [0x00000006c2200000,0x00000006c2386a48,0x00000006ccb80000)
 Metaspace       used 6141K, capacity 6517K, committed 6784K, reserved 1056768K
  class space    used 595K, capacity 627K, committed 640K, reserved 1048576K
}
Event: 998.397 GC heap before
{Heap before GC invocations=126 (full 0):
 PSYoungGen      total 31744K, used 31264K [0x000000076b600000, 0x000000076e180000, 0x00000007c0000000)
  eden space 31232K, 100% used [0x000000076b600000,0x000000076d480000,0x000000076d480000)
  from space 512K, 6% used [0x000000076e080000,0x000000076e088000,0x000000076e100000)
  to   space 512K, 0% used [0x000000076e100000,0x000000076e100000,0x000000076e180000)
 ParOldGen       total 173568K, used 1562K [0x00000006c2200000, 0x00000006ccb80000, 0x000000076b600000)
  object space 173568K, 0% used [0x00000006c2200000,0x00000006c2386a48,0x00000006ccb80000)
 Metaspace       used 6141K, capacity 6517K, committed 6784K, reserved 1056768K
  class space    used 595K, capacity 627K, committed 640K, reserved 1048576K
Event: 998.398 GC heap after
Heap after GC invocations=126 (full 0):
 PSYoungGen      total 31744K, used 32K [0x000000076b600000, 0x000000076e180000, 0x00000007c0000000)
  eden space 31232K, 0% used [0x000000076b600000,0x000000076b600000,0x000000076d480000)
  from space 512K, 6% used [0x000000076e100000,0x000000076e108000,0x000000076e180000)
  to   space 512K, 0% used [0x000000076e080000,0x000000076e080000,0x000000076e100000)
 ParOldGen       total 173568K, used 1562K [0x00000006c2200000, 0x00000006ccb80000, 0x000000076b600000)
  object space 173568K, 0% used [0x00000006c2200000,0x00000006c2386a48,0x00000006ccb80000)
 Metaspace       used 6141K, capacity 6517K, committed 6784K, reserved 1056768K
  class space    used 595K, capacity 627K, committed 640K, reserved 1048576K
}
Event: 1004.657 GC heap before
{Heap before GC invocations=127 (full 0):
 PSYoungGen      total 31744K, used 31264K [0x000000076b600000, 0x000000076e180000, 0x00000007c0000000)
  eden space 31232K, 100% used [0x000000076b600000,0x000000076d480000,0x000000076d480000)
  from space 512K, 6% used [0x000000076e100000,0x000000076e108000,0x000000076e180000)
  to   space 512K, 0% used [0x000000076e080000,0x000000076e080000,0x000000076e100000)
 ParOldGen       total 173568K, used 1562K [0x00000006c2200000, 0x00000006ccb80000, 0x000000076b600000)
  object space 173568K, 0% used [0x00000006c2200000,0x00000006c2386a48,0x00000006ccb80000)
 Metaspace       used 6141K, capacity 6517K, committed 6784K, reserved 1056768K
  class space    used 595K, capacity 627K, committed 640K, reserved 1048576K
Event: 1004.659 GC heap after
Heap after GC invocations=127 (full 0):
 PSYoungGen      total 31744K, used 32K [0x000000076b600000, 0x000000076e180000, 0x00000007c0000000)
  eden space 31232K, 0% used [0x000000076b600000,0x000000076b600000,0x000000076d480000)
  from space 512K, 6% used [0x000000076e080000,0x000000076e088000,0x000000076e100000)
  to   space 512K, 0% used [0x000000076e100000,0x000000076e100000,0x000000076e180000)
 ParOldGen       total 173568K, used 1562K [0x00000006c2200000, 0x00000006ccb80000, 0x000000076b600000)
  object space 173568K, 0% used [0x00000006c2200000,0x00000006c2386a48,0x00000006ccb80000)
 Metaspace       used 6141K, capacity 6517K, committed 6784K, reserved 1056768K
  class space    used 595K, capacity 627K, committed 640K, reserved 1048576K
}
Event: 1011.254 GC heap before
{Heap before GC invocations=128 (full 0):
 PSYoungGen      total 31744K, used 31264K [0x000000076b600000, 0x000000076e180000, 0x00000007c0000000)
  eden space 31232K, 100% used [0x000000076b600000,0x000000076d480000,0x000000076d480000)
  from space 512K, 6% used [0x000000076e080000,0x000000076e088000,0x000000076e100000)
  to   space 512K, 0% used [0x000000076e100000,0x000000076e100000,0x000000076e180000)
 ParOldGen       total 173568K, used 1562K [0x00000006c2200000, 0x00000006ccb80000, 0x000000076b600000)
  object space 173568K, 0% used [0x00000006c2200000,0x00000006c2386a48,0x00000006ccb80000)
 Metaspace       used 6141K, capacity 6517K, committed 6784K, reserved 1056768K
  class space    used 595K, capacity 627K, committed 640K, reserved 1048576K
Event: 1011.254 GC heap after
Heap after GC invocations=128 (full 0):
 PSYoungGen      total 31744K, used 32K [0x000000076b600000, 0x000000076e180000, 0x00000007c0000000)
  eden space 31232K, 0% used [0x000000076b600000,0x000000076b600000,0x000000076d480000)
  from space 512K, 6% used [0x000000076e100000,0x000000076e108000,0x000000076e180000)
  to   space 512K, 0% used [0x000000076e080000,0x000000076e080000,0x000000076e100000)
 ParOldGen       total 173568K, used 1562K [0x00000006c2200000, 0x00000006ccb80000, 0x000000076b600000)
  object space 173568K, 0% used [0x00000006c2200000,0x00000006c2386a48,0x00000006ccb80000)
 Metaspace       used 6141K, capacity 6517K, committed 6784K, reserved 1056768K
  class space    used 595K, capacity 627K, committed 640K, reserved 1048576K
}
Event: 1017.380 GC heap before
{Heap before GC invocations=129 (full 0):
 PSYoungGen      total 31744K, used 31264K [0x000000076b600000, 0x000000076e180000, 0x00000007c0000000)
  eden space 31232K, 100% used [0x000000076b600000,0x000000076d480000,0x000000076d480000)
  from space 512K, 6% used [0x000000076e100000,0x000000076e108000,0x000000076e180000)
  to   space 512K, 0% used [0x000000076e080000,0x000000076e080000,0x000000076e100000)
 ParOldGen       total 173568K, used 1562K [0x00000006c2200000, 0x00000006ccb80000, 0x000000076b600000)
  object space 173568K, 0% used [0x00000006c2200000,0x00000006c2386a48,0x00000006ccb80000)
 Metaspace       used 6141K, capacity 6517K, committed 6784K, reserved 1056768K
  class space    used 595K, capacity 627K, committed 640K, reserved 1048576K
Event: 1017.381 GC heap after
Heap after GC invocations=129 (full 0):
 PSYoungGen      total 31744K, used 32K [0x000000076b600000, 0x000000076e180000, 0x00000007c0000000)
  eden space 31232K, 0% used [0x000000076b600000,0x000000076b600000,0x000000076d480000)
  from space 512K, 6% used [0x000000076e080000,0x000000076e088000,0x000000076e100000)
  to   space 512K, 0% used [0x000000076e100000,0x000000076e100000,0x000000076e180000)
 ParOldGen       total 173568K, used 1562K [0x00000006c2200000, 0x00000006ccb80000, 0x000000076b600000)
  object space 173568K, 0% used [0x00000006c2200000,0x00000006c2386a48,0x00000006ccb80000)
 Metaspace       used 6141K, capacity 6517K, committed 6784K, reserved 1056768K
  class space    used 595K, capacity 627K, committed 640K, reserved 1048576K
}

